# JRE version: Java(TM) SE Runtime Environment (8.0_181-b13) (build 1.8.0_181-b13)
# Java VM: Dynamic Code Evolution 64-Bit Server VM (25.71-b01-dcevmlight-26 mixed mode windows-amd64 compressed oops)
Heap:
 def new generation   total 235968K, used 52431K [0x00000006c0000000, 0x00000006d0000000, 0x00000006d0000000)
  eden space 209792K,  18% used [0x00000006c0000000, 0x00000006c25b70f0, 0x00000006ccce0000)
  from space 26176K,  52% used [0x00000006ccce0000, 0x00000006cda5cc68, 0x00000006ce670000)
  to   space 26176K,   0% used [0x00000006ce670000, 0x00000006ce670000, 0x00000006d0000000)
 tenured generation   total 3932160K, used 259374K [0x00000006d0000000, 0x00000007c0000000, 0x00000007c0000000)
   the space 3932160K,   6% used [0x00000006d0000000, 0x00000006dfd4bac8, 0x00000006dfd4bc00, 0x00000007c0000000)
 Metaspace       used 255433K, capacity 261917K, committed 262144K, reserved 1284096K
  class space    used 26171K, capacity 27463K, committed 27520K, reserved 1048576K
GC Heap History (10 events):
Event: 1143.373 GC heap after
Heap after GC invocations=96 (full 0):
 def new generation   total 235968K, used 10130K [0x00000006c0000000, 0x00000006d0000000, 0x00000006d0000000)
  eden space 209792K,   0% used [0x00000006c0000000, 0x00000006c0000000, 0x00000006ccce0000)
  from space 26176K,  38% used [0x00000006ccce0000, 0x00000006cd6c4af8, 0x00000006ce670000)
  to   space 26176K,   0% used [0x00000006ce670000, 0x00000006ce670000, 0x00000006d0000000)
 tenured generation   total 3932160K, used 259374K [0x00000006d0000000, 0x00000007c0000000, 0x00000007c0000000)
   the space 3932160K,   6% used [0x00000006d0000000, 0x00000006dfd4bac8, 0x00000006dfd4bc00, 0x00000007c0000000)
 Metaspace       used 243959K, capacity 250285K, committed 250368K, reserved 1273856K
  class space    used 25127K, capacity 26309K, committed 26368K, reserved 1048576K
}
Event: 1144.627 GC heap before
{Heap before GC invocations=96 (full 0):
 def new generation   total 235968K, used 219922K [0x00000006c0000000, 0x00000006d0000000, 0x00000006d0000000)
  eden space 209792K, 100% used [0x00000006c0000000, 0x00000006ccce0000, 0x00000006ccce0000)
  from space 26176K,  38% used [0x00000006ccce0000, 0x00000006cd6c4af8, 0x00000006ce670000)
  to   space 26176K,   0% used [0x00000006ce670000, 0x00000006ce670000, 0x00000006d0000000)
 tenured generation   total 3932160K, used 259374K [0x00000006d0000000, 0x00000007c0000000, 0x00000007c0000000)
   the space 3932160K,   6% used [0x00000006d0000000, 0x00000006dfd4bac8, 0x00000006dfd4bc00, 0x00000007c0000000)
 Metaspace       used 249780K, capacity 256275K, committed 256512K, reserved 1277952K
  class space    used 25998K, capacity 27286K, committed 27392K, reserved 1048576K
Event: 1144.647 GC heap after
Heap after GC invocations=97 (full 0):
 def new generation   total 235968K, used 11148K [0x00000006c0000000, 0x00000006d0000000, 0x00000006d0000000)
  eden space 209792K,   0% used [0x00000006c0000000, 0x00000006c0000000, 0x00000006ccce0000)
  from space 26176K,  42% used [0x00000006ce670000, 0x00000006cf153358, 0x00000006d0000000)
  to   space 26176K,   0% used [0x00000006ccce0000, 0x00000006ccce0000, 0x00000006ce670000)
 tenured generation   total 3932160K, used 259374K [0x00000006d0000000, 0x00000007c0000000, 0x00000007c0000000)
   the space 3932160K,   6% used [0x00000006d0000000, 0x00000006dfd4bac8, 0x00000006dfd4bc00, 0x00000007c0000000)
 Metaspace       used 249780K, capacity 256275K, committed 256512K, reserved 1277952K
  class space    used 25998K, capacity 27286K, committed 27392K, reserved 1048576K
}
Event: 1250.623 GC heap before
{Heap before GC invocations=97 (full 0):
 def new generation   total 235968K, used 220940K [0x00000006c0000000, 0x00000006d0000000, 0x00000006d0000000)
  eden space 209792K, 100% used [0x00000006c0000000, 0x00000006ccce0000, 0x00000006ccce0000)
  from space 26176K,  42% used [0x00000006ce670000, 0x00000006cf153358, 0x00000006d0000000)
  to   space 26176K,   0% used [0x00000006ccce0000, 0x00000006ccce0000, 0x00000006ce670000)
 tenured generation   total 3932160K, used 259374K [0x00000006d0000000, 0x00000007c0000000, 0x00000007c0000000)
   the space 3932160K,   6% used [0x00000006d0000000, 0x00000006dfd4bac8, 0x00000006dfd4bc00, 0x00000007c0000000)
 Metaspace       used 251768K, capacity 258239K, committed 258560K, reserved 1280000K
  class space    used 26071K, capacity 27356K, committed 27392K, reserved 1048576K
Event: 1250.656 GC heap after
Heap after GC invocations=98 (full 0):
 def new generation   total 235968K, used 11920K [0x00000006c0000000, 0x00000006d0000000, 0x00000006d0000000)
  eden space 209792K,   0% used [0x00000006c0000000, 0x00000006c0000000, 0x00000006ccce0000)
  from space 26176K,  45% used [0x00000006ccce0000, 0x00000006cd884390, 0x00000006ce670000)
  to   space 26176K,   0% used [0x00000006ce670000, 0x00000006ce670000, 0x00000006d0000000)
 tenured generation   total 3932160K, used 259374K [0x00000006d0000000, 0x00000007c0000000, 0x00000007c0000000)
   the space 3932160K,   6% used [0x00000006d0000000, 0x00000006dfd4bac8, 0x00000006dfd4bc00, 0x00000007c0000000)
 Metaspace       used 251768K, capacity 258239K, committed 258560K, reserved 1280000K
  class space    used 26071K, capacity 27356K, committed 27392K, reserved 1048576K
}
Event: 1335.094 GC heap before
{Heap before GC invocations=98 (full 0):
 def new generation   total 235968K, used 221712K [0x00000006c0000000, 0x00000006d0000000, 0x00000006d0000000)
  eden space 209792K, 100% used [0x00000006c0000000, 0x00000006ccce0000, 0x00000006ccce0000)
  from space 26176K,  45% used [0x00000006ccce0000, 0x00000006cd884390, 0x00000006ce670000)
  to   space 26176K,   0% used [0x00000006ce670000, 0x00000006ce670000, 0x00000006d0000000)
 tenured generation   total 3932160K, used 259374K [0x00000006d0000000, 0x00000007c0000000, 0x00000007c0000000)
   the space 3932160K,   6% used [0x00000006d0000000, 0x00000006dfd4bac8, 0x00000006dfd4bc00, 0x00000007c0000000)
 Metaspace       used 253274K, capacity 259825K, committed 260096K, reserved 1282048K
  class space    used 26114K, capacity 27391K, committed 27392K, reserved 1048576K
Event: 1335.116 GC heap after
Heap after GC invocations=99 (full 0):
 def new generation   total 235968K, used 12962K [0x00000006c0000000, 0x00000006d0000000, 0x00000006d0000000)
  eden space 209792K,   0% used [0x00000006c0000000, 0x00000006c0000000, 0x00000006ccce0000)
  from space 26176K,  49% used [0x00000006ce670000, 0x00000006cf3189a8, 0x00000006d0000000)
  to   space 26176K,   0% used [0x00000006ccce0000, 0x00000006ccce0000, 0x00000006ce670000)
 tenured generation   total 3932160K, used 259374K [0x00000006d0000000, 0x00000007c0000000, 0x00000007c0000000)
   the space 3932160K,   6% used [0x00000006d0000000, 0x00000006dfd4bac8, 0x00000006dfd4bc00, 0x00000007c0000000)
 Metaspace       used 253274K, capacity 259825K, committed 260096K, reserved 1282048K
  class space    used 26114K, capacity 27391K, committed 27392K, reserved 1048576K
}
Event: 1463.425 GC heap before
{Heap before GC invocations=99 (full 0):
 def new generation   total 235968K, used 222754K [0x00000006c0000000, 0x00000006d0000000, 0x00000006d0000000)
  eden space 209792K, 100% used [0x00000006c0000000, 0x00000006ccce0000, 0x00000006ccce0000)
  from space 26176K,  49% used [0x00000006ce670000, 0x00000006cf3189a8, 0x00000006d0000000)
  to   space 26176K,   0% used [0x00000006ccce0000, 0x00000006ccce0000, 0x00000006ce670000)
 tenured generation   total 3932160K, used 259374K [0x00000006d0000000, 0x00000007c0000000, 0x00000007c0000000)
   the space 3932160K,   6% used [0x00000006d0000000, 0x00000006dfd4bac8, 0x00000006dfd4bc00, 0x00000007c0000000)
 Metaspace       used 255017K, capacity 261521K, committed 261760K, reserved 1284096K
  class space    used 26161K, capacity 27461K, committed 27520K, reserved 1048576K
Event: 1463.450 GC heap after
Heap after GC invocations=100 (full 0):
 def new generation   total 235968K, used 13811K [0x00000006c0000000, 0x00000006d0000000, 0x00000006d0000000)
  eden space 209792K,   0% used [0x00000006c0000000, 0x00000006c0000000, 0x00000006ccce0000)
  from space 26176K,  52% used [0x00000006ccce0000, 0x00000006cda5cc68, 0x00000006ce670000)
  to   space 26176K,   0% used [0x00000006ce670000, 0x00000006ce670000, 0x00000006d0000000)
 tenured generation   total 3932160K, used 259374K [0x00000006d0000000, 0x00000007c0000000, 0x00000007c0000000)
   the space 3932160K,   6% used [0x00000006d0000000, 0x00000006dfd4bac8, 0x00000006dfd4bc00, 0x00000007c0000000)
 Metaspace       used 255017K, capacity 261521K, committed 261760K, reserved 1284096K
  class space    used 26161K, capacity 27461K, committed 27520K, reserved 1048576K
}
Event: 1538.819 GC heap before
{Heap before GC invocations=100 (full 0):
 def new generation   total 235968K, used 52431K [0x00000006c0000000, 0x00000006d0000000, 0x00000006d0000000)
  eden space 209792K,  18% used [0x00000006c0000000, 0x00000006c25b70f0, 0x00000006ccce0000)
  from space 26176K,  52% used [0x00000006ccce0000, 0x00000006cda5cc68, 0x00000006ce670000)
  to   space 26176K,   0% used [0x00000006ce670000, 0x00000006ce670000, 0x00000006d0000000)
 tenured generation   total 3932160K, used 259374K [0x00000006d0000000, 0x00000007c0000000, 0x00000007c0000000)
   the space 3932160K,   6% used [0x00000006d0000000, 0x00000006dfd4bac8, 0x00000006dfd4bc00, 0x00000007c0000000)
 Metaspace       used 255433K, capacity 261917K, committed 262144K, reserved 1284096K
  class space    used 26171K, capacity 27463K, committed 27520K, reserved 1048576K

