# JRE version: Java(TM) SE Runtime Environment (8.0_181-b13) (build 1.8.0_181-b13)
# Java VM: Dynamic Code Evolution 64-Bit Server VM (25.71-b01-dcevmlight-26 mixed mode windows-amd64 compressed oops)
Heap:
 def new generation   total 235968K, used 76590K [0x00000006c0000000, 0x00000006d0000000, 0x00000006d0000000)
  eden space 209792K,  30% used [0x00000006c0000000, 0x00000006c3e4e030, 0x00000006ccce0000)
  from space 26176K,  48% used [0x00000006ce670000, 0x00000006cf2eda38, 0x00000006d0000000)
  to   space 26176K,   0% used [0x00000006ccce0000, 0x00000006ccce0000, 0x00000006ce670000)
 tenured generation   total 3932160K, used 264914K [0x00000006d0000000, 0x00000007c0000000, 0x00000007c0000000)
   the space 3932160K,   6% used [0x00000006d0000000, 0x00000006e02b4ab0, 0x00000006e02b4c00, 0x00000007c0000000)
 Metaspace       used 254742K, capacity 261967K, committed 262144K, reserved 1284096K
  class space    used 26185K, capacity 27564K, committed 27648K, reserved 1048576K
GC Heap History (10 events):
Event: 3772.267 GC heap after
Heap after GC invocations=101 (full 0):
 def new generation   total 235968K, used 11192K [0x00000006c0000000, 0x00000006d0000000, 0x00000006d0000000)
  eden space 209792K,   0% used [0x00000006c0000000, 0x00000006c0000000, 0x00000006ccce0000)
  from space 26176K,  42% used [0x00000006ce670000, 0x00000006cf15e3d8, 0x00000006d0000000)
  to   space 26176K,   0% used [0x00000006ccce0000, 0x00000006ccce0000, 0x00000006ce670000)
 tenured generation   total 3932160K, used 263214K [0x00000006d0000000, 0x00000007c0000000, 0x00000007c0000000)
   the space 3932160K,   6% used [0x00000006d0000000, 0x00000006e010bba0, 0x00000006e010bc00, 0x00000007c0000000)
 Metaspace       used 252385K, capacity 259337K, committed 259456K, reserved 1282048K
  class space    used 26062K, capacity 27429K, committed 27520K, reserved 1048576K
}
Event: 3955.859 GC heap before
{Heap before GC invocations=101 (full 0):
 def new generation   total 235968K, used 220984K [0x00000006c0000000, 0x00000006d0000000, 0x00000006d0000000)
  eden space 209792K, 100% used [0x00000006c0000000, 0x00000006ccce0000, 0x00000006ccce0000)
  from space 26176K,  42% used [0x00000006ce670000, 0x00000006cf15e3d8, 0x00000006d0000000)
  to   space 26176K,   0% used [0x00000006ccce0000, 0x00000006ccce0000, 0x00000006ce670000)
 tenured generation   total 3932160K, used 263214K [0x00000006d0000000, 0x00000007c0000000, 0x00000007c0000000)
   the space 3932160K,   6% used [0x00000006d0000000, 0x00000006e010bba0, 0x00000006e010bc00, 0x00000007c0000000)
 Metaspace       used 252470K, capacity 259483K, committed 259712K, reserved 1282048K
  class space    used 26078K, capacity 27454K, committed 27520K, reserved 1048576K
Event: 3955.899 GC heap after
Heap after GC invocations=102 (full 0):
 def new generation   total 235968K, used 9268K [0x00000006c0000000, 0x00000006d0000000, 0x00000006d0000000)
  eden space 209792K,   0% used [0x00000006c0000000, 0x00000006c0000000, 0x00000006ccce0000)
  from space 26176K,  35% used [0x00000006ccce0000, 0x00000006cd5ed040, 0x00000006ce670000)
  to   space 26176K,   0% used [0x00000006ce670000, 0x00000006ce670000, 0x00000006d0000000)
 tenured generation   total 3932160K, used 263708K [0x00000006d0000000, 0x00000007c0000000, 0x00000007c0000000)
   the space 3932160K,   6% used [0x00000006d0000000, 0x00000006e01873d0, 0x00000006e0187400, 0x00000007c0000000)
 Metaspace       used 252470K, capacity 259483K, committed 259712K, reserved 1282048K
  class space    used 26078K, capacity 27454K, committed 27520K, reserved 1048576K
}
Event: 3976.378 GC heap before
{Heap before GC invocations=102 (full 0):
 def new generation   total 235968K, used 219060K [0x00000006c0000000, 0x00000006d0000000, 0x00000006d0000000)
  eden space 209792K, 100% used [0x00000006c0000000, 0x00000006ccce0000, 0x00000006ccce0000)
  from space 26176K,  35% used [0x00000006ccce0000, 0x00000006cd5ed040, 0x00000006ce670000)
  to   space 26176K,   0% used [0x00000006ce670000, 0x00000006ce670000, 0x00000006d0000000)
 tenured generation   total 3932160K, used 263708K [0x00000006d0000000, 0x00000007c0000000, 0x00000007c0000000)
   the space 3932160K,   6% used [0x00000006d0000000, 0x00000006e01873d0, 0x00000006e0187400, 0x00000007c0000000)
 Metaspace       used 253247K, capacity 260481K, committed 260736K, reserved 1282048K
  class space    used 26135K, capacity 27515K, committed 27520K, reserved 1048576K
Event: 3976.412 GC heap after
Heap after GC invocations=103 (full 0):
 def new generation   total 235968K, used 12494K [0x00000006c0000000, 0x00000006d0000000, 0x00000006d0000000)
  eden space 209792K,   0% used [0x00000006c0000000, 0x00000006c0000000, 0x00000006ccce0000)
  from space 26176K,  47% used [0x00000006ce670000, 0x00000006cf2a38d8, 0x00000006d0000000)
  to   space 26176K,   0% used [0x00000006ccce0000, 0x00000006ccce0000, 0x00000006ce670000)
 tenured generation   total 3932160K, used 263988K [0x00000006d0000000, 0x00000007c0000000, 0x00000007c0000000)
   the space 3932160K,   6% used [0x00000006d0000000, 0x00000006e01cd020, 0x00000006e01cd200, 0x00000007c0000000)
 Metaspace       used 253247K, capacity 260481K, committed 260736K, reserved 1282048K
  class space    used 26135K, capacity 27515K, committed 27520K, reserved 1048576K
}
Event: 3978.688 GC heap before
{Heap before GC invocations=103 (full 0):
 def new generation   total 235968K, used 222286K [0x00000006c0000000, 0x00000006d0000000, 0x00000006d0000000)
  eden space 209792K, 100% used [0x00000006c0000000, 0x00000006ccce0000, 0x00000006ccce0000)
  from space 26176K,  47% used [0x00000006ce670000, 0x00000006cf2a38d8, 0x00000006d0000000)
  to   space 26176K,   0% used [0x00000006ccce0000, 0x00000006ccce0000, 0x00000006ce670000)
 tenured generation   total 3932160K, used 263988K [0x00000006d0000000, 0x00000007c0000000, 0x00000007c0000000)
   the space 3932160K,   6% used [0x00000006d0000000, 0x00000006e01cd020, 0x00000006e01cd200, 0x00000007c0000000)
 Metaspace       used 253471K, capacity 260745K, committed 261120K, reserved 1282048K
  class space    used 26145K, capacity 27527K, committed 27648K, reserved 1048576K
Event: 3978.715 GC heap after
Heap after GC invocations=104 (full 0):
 def new generation   total 235968K, used 12490K [0x00000006c0000000, 0x00000006d0000000, 0x00000006d0000000)
  eden space 209792K,   0% used [0x00000006c0000000, 0x00000006c0000000, 0x00000006ccce0000)
  from space 26176K,  47% used [0x00000006ccce0000, 0x00000006cd912890, 0x00000006ce670000)
  to   space 26176K,   0% used [0x00000006ce670000, 0x00000006ce670000, 0x00000006d0000000)
 tenured generation   total 3932160K, used 264475K [0x00000006d0000000, 0x00000007c0000000, 0x00000007c0000000)
   the space 3932160K,   6% used [0x00000006d0000000, 0x00000006e0246d70, 0x00000006e0246e00, 0x00000007c0000000)
 Metaspace       used 253471K, capacity 260745K, committed 261120K, reserved 1282048K
  class space    used 26145K, capacity 27527K, committed 27648K, reserved 1048576K
}
Event: 3980.355 GC heap before
{Heap before GC invocations=104 (full 0):
 def new generation   total 235968K, used 222282K [0x00000006c0000000, 0x00000006d0000000, 0x00000006d0000000)
  eden space 209792K, 100% used [0x00000006c0000000, 0x00000006ccce0000, 0x00000006ccce0000)
  from space 26176K,  47% used [0x00000006ccce0000, 0x00000006cd912890, 0x00000006ce670000)
  to   space 26176K,   0% used [0x00000006ce670000, 0x00000006ce670000, 0x00000006d0000000)
 tenured generation   total 3932160K, used 264475K [0x00000006d0000000, 0x00000007c0000000, 0x00000007c0000000)
   the space 3932160K,   6% used [0x00000006d0000000, 0x00000006e0246d70, 0x00000006e0246e00, 0x00000007c0000000)
 Metaspace       used 254331K, capacity 261621K, committed 261888K, reserved 1284096K
  class space    used 26171K, capacity 27561K, committed 27648K, reserved 1048576K
Event: 3980.385 GC heap after
Heap after GC invocations=105 (full 0):
 def new generation   total 235968K, used 12790K [0x00000006c0000000, 0x00000006d0000000, 0x00000006d0000000)
  eden space 209792K,   0% used [0x00000006c0000000, 0x00000006c0000000, 0x00000006ccce0000)
  from space 26176K,  48% used [0x00000006ce670000, 0x00000006cf2eda38, 0x00000006d0000000)
  to   space 26176K,   0% used [0x00000006ccce0000, 0x00000006ccce0000, 0x00000006ce670000)
 tenured generation   total 3932160K, used 264914K [0x00000006d0000000, 0x00000007c0000000, 0x00000007c0000000)
   the space 3932160K,   6% used [0x00000006d0000000, 0x00000006e02b4ab0, 0x00000006e02b4c00, 0x00000007c0000000)
 Metaspace       used 254331K, capacity 261621K, committed 261888K, reserved 1284096K
  class space    used 26171K, capacity 27561K, committed 27648K, reserved 1048576K
}
Event: 3998.587 GC heap before
{Heap before GC invocations=105 (full 0):
 def new generation   total 235968K, used 76590K [0x00000006c0000000, 0x00000006d0000000, 0x00000006d0000000)
  eden space 209792K,  30% used [0x00000006c0000000, 0x00000006c3e4e030, 0x00000006ccce0000)
  from space 26176K,  48% used [0x00000006ce670000, 0x00000006cf2eda38, 0x00000006d0000000)
  to   space 26176K,   0% used [0x00000006ccce0000, 0x00000006ccce0000, 0x00000006ce670000)
 tenured generation   total 3932160K, used 264914K [0x00000006d0000000, 0x00000007c0000000, 0x00000007c0000000)
   the space 3932160K,   6% used [0x00000006d0000000, 0x00000006e02b4ab0, 0x00000006e02b4c00, 0x00000007c0000000)
 Metaspace       used 254742K, capacity 261967K, committed 262144K, reserved 1284096K
  class space    used 26185K, capacity 27564K, committed 27648K, reserved 1048576K

